<?xml version="1.0" encoding="UTF-8"?>
<testng-results skipped="0" failed="0" ignored="0" total="1" passed="1">
  <reporter-output>
  </reporter-output>
  <suite name="Default suite" duration-ms="9221" started-at="2020-05-25T14:47:41 IST" finished-at="2020-05-25T14:47:51 IST">
    <groups>
    </groups>
    <test name="Default test" duration-ms="9221" started-at="2020-05-25T14:47:41 IST" finished-at="2020-05-25T14:47:51 IST">
      <class name="com.rest.GoRest">
        <test-method status="PASS" signature="gorest()[pri:0, instance:com.rest.GoRest@c46bcd4]" name="gorest" duration-ms="9132" started-at="2020-05-25T14:47:41 IST" finished-at="2020-05-25T14:47:51 IST">
          <reporter-output>
          </reporter-output>
        </test-method> <!-- gorest -->
      </class> <!-- com.rest.GoRest -->
    </test> <!-- Default test -->
  </suite> <!-- Default suite -->
</testng-results>
